<?xml version="1.0" encoding="UTF-8"?>
<!-- Generated by org.testng.reporters.JUnitReportReporter -->
<testsuite hostname="RND-03" name="com.senthur.convert.MP3ConvertorTestCase" tests="1" failures="0" timestamp="14 Jul 2014 03:59:29 GMT" time="0.083" errors="0">
  <testcase name="wavFileShouldBeConvertedToMP3" time="0.083" classname="com.senthur.convert.MP3ConvertorTestCase"/>
</testsuite> <!-- com.senthur.convert.MP3ConvertorTestCase -->
